<?xml version="1.0" encoding="UTF-8"?>
<!-- Generated by org.testng.reporters.JUnitXMLReporter -->
<testsuite hostname="RIDVANs-MacBook-Pro.local" ignored="0" name="/Users/ridvangunduz/IdeaProjects/SeleniumPracticeTest/Practice" tests="9" failures="0" timestamp="2020-06-22T03:08:26 CDT" time="13.95" errors="0">
  <testcase name="dummyTestOne" time="0.021" classname="Maven.MavenSecondTest"/>
  <testcase name="dummyTestTwo" time="0.0" classname="Maven.MavenSecondTest"/>
  <testcase name="dummyTestThree" time="0.0" classname="Maven.MavenSecondTest"/>
  <testcase name="BrowserAutomation" time="0.0" classname="Maven.MavenTest"/>
  <testcase name="elementsUI" time="0.001" classname="Maven.MavenTest"/>
  <testcase name="firstTest1" time="0.0" classname="TestNG.Practice"/>
  <testcase name="SecondTest2" time="0.0" classname="TestNG.Practice"/>
  <testcase name="titleTest" time="4.082" classname="TestNG.TestPage"/>
  <testcase name="verifySearchButton" time="4.884" classname="TestNG.WebDriverClassTest"/>
</testsuite> <!-- /Users/ridvangunduz/IdeaProjects/SeleniumPracticeTest/Practice -->
