<?xml version="1.0" encoding="UTF-8"?>
<!-- Generated by org.testng.reporters.JUnitXMLReporter -->
<testsuite ignored="0" hostname="RIDVANs-MacBook-Pro.local" failures="0" tests="9" name="/Users/ridvangunduz/IdeaProjects/SeleniumPracticeTest/SeleniumPractice" time="9.196" errors="0" timestamp="2020-06-22T00:26:06 CDT">
  <testcase classname="Maven.MavenSecondTest" name="dummyTestOne" time="0.012"/>
  <testcase classname="Maven.MavenSecondTest" name="dummyTestTwo" time="0.001"/>
  <testcase classname="Maven.MavenSecondTest" name="dummyTestThree" time="0.0"/>
  <testcase classname="Maven.MavenTest" name="BrowserAutomation" time="0.0"/>
  <testcase classname="Maven.MavenTest" name="elementsUI" time="0.0"/>
  <testcase classname="TestNG.Practice" name="firstTest1" time="0.0"/>
  <testcase classname="TestNG.Practice" name="SecondTest2" time="0.0"/>
  <testcase classname="TestNG.TestPage" name="titleTest" time="1.829"/>
  <testcase classname="TestNG.WebDriverClassTest" name="verifySearchButton" time="4.909"/>
</testsuite> <!-- /Users/ridvangunduz/IdeaProjects/SeleniumPracticeTest/SeleniumPractice -->
