<?xml version="1.0" encoding="UTF-8"?>
<!-- Generated by org.testng.reporters.JUnitXMLReporter -->
<testsuite hostname="RIDVANs-MacBook-Pro.local" ignored="0" name="/Users/ridvangunduz/IdeaProjects/SeleniumPracticeTest/SeleniumPractice/src/test/java/SeleniumTopics/DropDowns" tests="5" failures="0" timestamp="2020-06-28T22:58:34 CDT" time="26.77" errors="0">
  <testcase name="Task1" time="0.261" classname="SeleniumTopics.DropDowns.Task1"/>
  <testcase name="Task2" time="6.383" classname="SeleniumTopics.DropDowns.Task2"/>
  <testcase name="Task3" time="1.017" classname="SeleniumTopics.DropDowns.Task3"/>
  <testcase name="Task4" time="0.964" classname="SeleniumTopics.DropDowns.Task4"/>
  <testcase name="Task5" time="5.914" classname="SeleniumTopics.DropDowns.Task5"/>
</testsuite> <!-- /Users/ridvangunduz/IdeaProjects/SeleniumPracticeTest/SeleniumPractice/src/test/java/SeleniumTopics/DropDowns -->
