<?xml version="1.0" encoding="UTF-8"?>
<!-- Generated by org.testng.reporters.JUnitXMLReporter -->
<testsuite hostname="RIDVANs-MacBook-Pro.local" ignored="0" name="/Users/ridvangunduz/IdeaProjects/SeleniumPracticeTest/SeleniumPractice/src/test/java/SeleniumTopics/DropDowns" tests="5" failures="0" timestamp="2020-06-22T22:58:54 CDT" time="37.421" errors="0">
  <testcase name="Task1" time="0.344" classname="SeleniumTopics.DropDowns.Task1"/>
  <testcase name="Task2" time="6.504" classname="SeleniumTopics.DropDowns.Task2"/>
  <testcase name="Task3" time="1.998" classname="SeleniumTopics.DropDowns.Task3"/>
  <testcase name="Task4" time="1.408" classname="SeleniumTopics.DropDowns.Task4"/>
  <testcase name="Task5" time="6.847" classname="SeleniumTopics.DropDowns.Task5"/>
</testsuite> <!-- /Users/ridvangunduz/IdeaProjects/SeleniumPracticeTest/SeleniumPractice/src/test/java/SeleniumTopics/DropDowns -->
