<?xml version="1.0" encoding="UTF-8"?>
<testsuite xmlns:xsi="http://www.w3.org/2001/XMLSchema-instance" xsi:noNamespaceSchemaLocation="https://maven.apache.org/surefire/maven-surefire-plugin/xsd/surefire-test-report-3.0.xsd" version="3.0" name="TestSuite" time="17.022" tests="9" errors="0" skipped="0" failures="0">
  <properties>
[...]
</properties>
  <testcase name="dummyTestOne" classname="Maven.MavenSecondTest" time="0.007">
    <system-out><![CDATA[Dummy Test 1
]]></system-out>
    <system-err><![CDATA[SLF4J: Failed to load class "org.slf4j.impl.StaticLoggerBinder".
SLF4J: Defaulting to no-operation (NOP) logger implementation
SLF4J: See http://www.slf4j.org/codes.html#StaticLoggerBinder for further details.
Starting ChromeDriver 83.0.4103.39 (ccbf011cb2d2b19b506d844400483861342c20cd-refs/branch-heads/4103@{#416}) on port 45174
Only local connections are allowed.
Please see https://chromedriver.chromium.org/security-considerations for suggestions on keeping ChromeDriver safe.
ChromeDriver was started successfully.
Jul 01, 2020 3:08:08 AM org.openqa.selenium.remote.ProtocolHandshake createSession
INFO: Detected dialect: W3C
]]></system-err>
  </testcase>
  <testcase name="dummyTestTwo" classname="Maven.MavenSecondTest" time="0">
    <system-out><![CDATA[Dummy Test 2
]]></system-out>
  </testcase>
  <testcase name="dummyTestThree" classname="Maven.MavenSecondTest" time="0.001">
    <system-out><![CDATA[Dummy Test 3
]]></system-out>
  </testcase>
  <testcase name="BrowserAutomation" classname="Maven.MavenTest" time="0.001">
    <system-out><![CDATA[Browser Automation
]]></system-out>
  </testcase>
  <testcase name="elementsUI" classname="Maven.MavenTest" time="0.001">
    <system-out><![CDATA[Elements UI
]]></system-out>
  </testcase>
  <testcase name="firstTest1" classname="TestNG.Practice" time="0">
    <system-out><![CDATA[Test1 is running
]]></system-out>
  </testcase>
  <testcase name="SecondTest2" classname="TestNG.Practice" time="0.002">
    <system-out><![CDATA[Test2 is running
]]></system-out>
  </testcase>
  <testcase name="titleTest" classname="TestNG.TestPage" time="3.406">
    <system-err><![CDATA[Starting ChromeDriver 83.0.4103.39 (ccbf011cb2d2b19b506d844400483861342c20cd-refs/branch-heads/4103@{#416}) on port 1997
Only local connections are allowed.
Please see https://chromedriver.chromium.org/security-considerations for suggestions on keeping ChromeDriver safe.
ChromeDriver was started successfully.
Jul 01, 2020 3:08:09 AM org.openqa.selenium.remote.ProtocolHandshake createSession
INFO: Detected dialect: W3C
]]></system-err>
  </testcase>
  <testcase name="verifySearchButton" classname="TestNG.WebDriverClassTest" time="3.856">
    <system-err><![CDATA[1593590894473	mozrunner::runner	INFO	Running command: "/Applications/Firefox.app/Contents/MacOS/firefox-bin" "-marionette" "-foreground" "-no-remote" "-profile" "/var/folders/np/g5zm82fd5xq7htbp6_v3wb1c0000gn/T/rust_mozprofilev41Nm9"
1593590897431	Marionette	INFO	Listening on port 54619
1593590897468	Marionette	WARN	TLS certificate errors will be ignored for this session
Jul 01, 2020 3:08:17 AM org.openqa.selenium.remote.ProtocolHandshake createSession
INFO: Detected dialect: W3C
1593590898938	Marionette	INFO	Stopped listening on port 54619
]]></system-err>
  </testcase>
</testsuite>