<?xml version="1.0" encoding="UTF-8"?>
<testng-results skipped="0" failed="0" ignored="0" total="9" passed="9">
  <reporter-output>
  </reporter-output>
  <suite name="All Test Suite" duration-ms="13187" started-at="2020-07-01T03:08:08 CDT" finished-at="2020-07-01T03:08:21 CDT">
    <groups>
    </groups>
    <test name="/Users/ridvangunduz/IdeaProjects/SeleniumPracticeTest/Practice" duration-ms="13187" started-at="2020-07-01T03:08:08 CDT" finished-at="2020-07-01T03:08:21 CDT">
      <class name="Maven.MavenSecondTest">
        <test-method status="PASS" signature="dummyTestOne()[pri:0, instance:Maven.MavenSecondTest@2631f68c]" name="dummyTestOne" duration-ms="20" started-at="2020-07-01T03:08:08 CDT" finished-at="2020-07-01T03:08:08 CDT">
          <reporter-output>
          </reporter-output>
        </test-method> <!-- dummyTestOne -->
        <test-method status="PASS" signature="dummyTestThree()[pri:0, instance:Maven.MavenSecondTest@2631f68c]" name="dummyTestThree" duration-ms="1" started-at="2020-07-01T03:08:08 CDT" finished-at="2020-07-01T03:08:08 CDT">
          <reporter-output>
          </reporter-output>
        </test-method> <!-- dummyTestThree -->
        <test-method status="PASS" signature="dummyTestTwo()[pri:0, instance:Maven.MavenSecondTest@2631f68c]" name="dummyTestTwo" duration-ms="0" started-at="2020-07-01T03:08:08 CDT" finished-at="2020-07-01T03:08:08 CDT">
          <reporter-output>
          </reporter-output>
        </test-method> <!-- dummyTestTwo -->
      </class> <!-- Maven.MavenSecondTest -->
      <class name="TestNG.TestPage">
        <test-method status="PASS" signature="titleTest()[pri:0, instance:TestNG.TestPage@30af5b6b]" name="titleTest" duration-ms="3397" started-at="2020-07-01T03:08:08 CDT" finished-at="2020-07-01T03:08:11 CDT">
          <reporter-output>
          </reporter-output>
        </test-method> <!-- titleTest -->
      </class> <!-- TestNG.TestPage -->
      <class name="TestNG.Practice">
        <test-method status="PASS" signature="firstTest1()[pri:0, instance:TestNG.Practice@8ad6665]" name="firstTest1" duration-ms="1" started-at="2020-07-01T03:08:08 CDT" finished-at="2020-07-01T03:08:08 CDT">
          <reporter-output>
          </reporter-output>
        </test-method> <!-- firstTest1 -->
        <test-method status="PASS" signature="SecondTest2()[pri:0, instance:TestNG.Practice@8ad6665]" name="SecondTest2" duration-ms="2" started-at="2020-07-01T03:08:08 CDT" finished-at="2020-07-01T03:08:08 CDT">
          <reporter-output>
          </reporter-output>
        </test-method> <!-- SecondTest2 -->
      </class> <!-- TestNG.Practice -->
      <class name="Maven.MavenTest">
        <test-method status="PASS" signature="BrowserAutomation()[pri:0, instance:Maven.MavenTest@6ed3f258]" name="BrowserAutomation" duration-ms="0" started-at="2020-07-01T03:08:08 CDT" finished-at="2020-07-01T03:08:08 CDT">
          <reporter-output>
          </reporter-output>
        </test-method> <!-- BrowserAutomation -->
        <test-method status="PASS" signature="elementsUI()[pri:0, instance:Maven.MavenTest@6ed3f258]" name="elementsUI" duration-ms="0" started-at="2020-07-01T03:08:08 CDT" finished-at="2020-07-01T03:08:08 CDT">
          <reporter-output>
          </reporter-output>
        </test-method> <!-- elementsUI -->
      </class> <!-- Maven.MavenTest -->
      <class name="TestNG.WebDriverClassTest">
        <test-method status="PASS" signature="beforeClass()[pri:0, instance:TestNG.WebDriverClassTest@19835e64]" name="beforeClass" is-config="true" duration-ms="5675" started-at="2020-07-01T03:08:11 CDT" finished-at="2020-07-01T03:08:17 CDT">
          <reporter-output>
          </reporter-output>
        </test-method> <!-- beforeClass -->
        <test-method status="PASS" signature="verifySearchButton()[pri:0, instance:TestNG.WebDriverClassTest@19835e64]" name="verifySearchButton" duration-ms="3884" started-at="2020-07-01T03:08:17 CDT" finished-at="2020-07-01T03:08:21 CDT">
          <reporter-output>
          </reporter-output>
        </test-method> <!-- verifySearchButton -->
        <test-method status="PASS" signature="afterClass()[pri:0, instance:TestNG.WebDriverClassTest@19835e64]" name="afterClass" is-config="true" duration-ms="0" started-at="2020-07-01T03:08:21 CDT" finished-at="2020-07-01T03:08:21 CDT">
          <reporter-output>
          </reporter-output>
        </test-method> <!-- afterClass -->
      </class> <!-- TestNG.WebDriverClassTest -->
    </test> <!-- /Users/ridvangunduz/IdeaProjects/SeleniumPracticeTest/Practice -->
  </suite> <!-- All Test Suite -->
</testng-results>
