<?xml version="1.0" encoding="UTF-8"?>
<!-- Generated by org.testng.reporters.JUnitXMLReporter -->
<testsuite ignored="0" hostname="RIDVANs-MacBook-Pro.local" failures="0" tests="7" name="Command line test" time="12.34" errors="0" timestamp="2020-06-22T00:17:04 CDT">
  <testcase classname="Maven.MavenSecondTest" name="dummyTestOne" time="0.008"/>
  <testcase classname="Maven.MavenSecondTest" name="dummyTestThree" time="0.0"/>
  <testcase classname="Maven.MavenSecondTest" name="dummyTestTwo" time="0.0"/>
  <testcase classname="Maven.MavenTest" name="BrowserAutomation" time="0.006"/>
  <testcase classname="Maven.MavenTest" name="elementsUI" time="0.003"/>
  <testcase classname="TestNG.WebDriverClassTest" name="verifySearchButton" time="5.802"/>
  <testcase classname="TestNG.TestPage" name="titleTest" time="3.459"/>
</testsuite> <!-- Command line test -->
